<?xml version="1.0" encoding="UTF-8"?>
<!-- Generated by org.testng.reporters.JUnitXMLReporter -->
<testsuite ignored="1" hostname="LAPTOP-I8JHACA3" failures="0" tests="2" name="SanityTesting" time="3.051" errors="0" timestamp="2022-06-05T12:31:09 IST">
  <testcase classname="testNG.SessionCross" name="LaunchBrowser" time="3.039"/>
  <testcase classname="testNG.SessionCross" name="getCurrenturl" time="0.007"/>
  <testcase classname="testNG.SessionCross" name="getTitle" time="0.0">
    <ignored/>
  </testcase> <!-- getTitle -->
</testsuite> <!-- SanityTesting -->
