<?xml version="1.0" encoding="UTF-8"?>
<!-- Generated by org.testng.reporters.JUnitXMLReporter -->
<testsuite ignored="2" hostname="LAPTOP-I8JHACA3" failures="0" tests="0" time="0.001" errors="0" timestamp="2022-05-03T11:16:58 IST">
  <testcase classname="testNG.InstagramLogin" name="WebLoginBanking" time="0.0">
    <ignored/>
  </testcase> <!-- WebLoginBanking -->
  <testcase classname="testNG.InstagramLogin" name="mobileLoginBanking" time="0.0">
    <ignored/>
  </testcase> <!-- mobileLoginBanking -->
</testsuite>
