<?xml version="1.0" encoding="UTF-8"?>
<testng-results ignored="3" total="6" passed="2" failed="1" skipped="0">
  <reporter-output>
  </reporter-output>
  <suite started-at="2022-06-05T12:31:06 IST" name="FaceBookLogin" finished-at="2022-06-05T12:31:09 IST" duration-ms="3134">
    <groups>
      <group name="Session1">
        <method signature="SessionCross.getCurrenturl()[pri:0, instance:testNG.SessionCross@5ae50ce6]" name="getCurrenturl" class="testNG.SessionCross"/>
        <method signature="SessionCross.getCurrenturl()[pri:0, instance:testNG.SessionCross@20ce78ec]" name="getCurrenturl" class="testNG.SessionCross"/>
      </group> <!-- Session1 -->
      <group name="Session2">
        <method signature="SessionCross.getCurrenturl()[pri:0, instance:testNG.SessionCross@5ae50ce6]" name="getCurrenturl" class="testNG.SessionCross"/>
        <method signature="SessionCross.LaunchBrowser()[pri:0, instance:testNG.SessionCross@20ce78ec]" name="LaunchBrowser" class="testNG.SessionCross"/>
        <method signature="SessionCross.getCurrenturl()[pri:0, instance:testNG.SessionCross@20ce78ec]" name="getCurrenturl" class="testNG.SessionCross"/>
      </group> <!-- Session2 -->
    </groups>
    <test started-at="2022-06-05T12:31:06 IST" name="SmokeTesting" finished-at="2022-06-05T12:31:06 IST" duration-ms="36">
      <class name="testNG.SessionCross">
        <test-method signature="getCurrenturl()[pri:0, instance:testNG.SessionCross@5ae50ce6]" started-at="2022-06-05T12:31:06 IST" name="getCurrenturl" finished-at="2022-06-05T12:31:06 IST" duration-ms="6" status="FAIL">
          <exception class="java.lang.NullPointerException">
            <message>
              <![CDATA[Cannot invoke "org.openqa.selenium.WebDriver.getCurrentUrl()" because "this.driver" is null]]>
            </message>
            <full-stacktrace>
              <![CDATA[java.lang.NullPointerException: Cannot invoke "org.openqa.selenium.WebDriver.getCurrentUrl()" because "this.driver" is null
at testNG.SessionCross.getCurrenturl(SessionCross.java:31)
at java.base/jdk.internal.reflect.NativeMethodAccessorImpl.invoke0(Native Method)
at java.base/jdk.internal.reflect.NativeMethodAccessorImpl.invoke(NativeMethodAccessorImpl.java:77)
at java.base/jdk.internal.reflect.DelegatingMethodAccessorImpl.invoke(DelegatingMethodAccessorImpl.java:43)
at java.base/java.lang.reflect.Method.invoke(Method.java:568)
at org.testng.internal.MethodInvocationHelper.invokeMethod(MethodInvocationHelper.java:133)
at org.testng.internal.TestInvoker.invokeMethod(TestInvoker.java:598)
at org.testng.internal.TestInvoker.invokeTestMethod(TestInvoker.java:173)
at org.testng.internal.MethodRunner.runInSequence(MethodRunner.java:46)
at org.testng.internal.TestInvoker$MethodInvocationAgent.invoke(TestInvoker.java:824)
at org.testng.internal.TestInvoker.invokeTestMethods(TestInvoker.java:146)
at org.testng.internal.TestMethodWorker.invokeTestMethods(TestMethodWorker.java:146)
at org.testng.internal.TestMethodWorker.run(TestMethodWorker.java:128)
at java.base/java.util.ArrayList.forEach(ArrayList.java:1511)
at org.testng.TestRunner.privateRun(TestRunner.java:794)
at org.testng.TestRunner.run(TestRunner.java:596)
at org.testng.SuiteRunner.runTest(SuiteRunner.java:377)
at org.testng.SuiteRunner.runSequentially(SuiteRunner.java:371)
at org.testng.SuiteRunner.privateRun(SuiteRunner.java:332)
at org.testng.SuiteRunner.run(SuiteRunner.java:276)
at org.testng.SuiteRunnerWorker.runSuite(SuiteRunnerWorker.java:53)
at org.testng.SuiteRunnerWorker.run(SuiteRunnerWorker.java:96)
at org.testng.TestNG.runSuitesSequentially(TestNG.java:1212)
at org.testng.TestNG.runSuitesLocally(TestNG.java:1134)
at org.testng.TestNG.runSuites(TestNG.java:1063)
at org.testng.TestNG.run(TestNG.java:1031)
at org.testng.remote.AbstractRemoteTestNG.run(AbstractRemoteTestNG.java:115)
at org.testng.remote.RemoteTestNG.initAndRun(RemoteTestNG.java:251)
at org.testng.remote.RemoteTestNG.main(RemoteTestNG.java:77)
]]>
            </full-stacktrace>
          </exception> <!-- java.lang.NullPointerException -->
          <reporter-output>
          </reporter-output>
        </test-method> <!-- getCurrenturl -->
      </class> <!-- testNG.SessionCross -->
    </test> <!-- SmokeTesting -->
    <test started-at="2022-06-05T12:31:06 IST" name="SanityTesting" finished-at="2022-06-05T12:31:09 IST" duration-ms="3051">
      <class name="testNG.SessionCross">
        <test-method signature="LaunchBrowser()[pri:0, instance:testNG.SessionCross@20ce78ec]" started-at="2022-06-05T12:31:06 IST" name="LaunchBrowser" finished-at="2022-06-05T12:31:09 IST" duration-ms="3039" status="PASS">
          <reporter-output>
          </reporter-output>
        </test-method> <!-- LaunchBrowser -->
        <test-method signature="getCurrenturl()[pri:0, instance:testNG.SessionCross@20ce78ec]" started-at="2022-06-05T12:31:09 IST" name="getCurrenturl" finished-at="2022-06-05T12:31:09 IST" duration-ms="7" status="PASS">
          <reporter-output>
          </reporter-output>
        </test-method> <!-- getCurrenturl -->
      </class> <!-- testNG.SessionCross -->
    </test> <!-- SanityTesting -->
  </suite> <!-- FaceBookLogin -->
</testng-results>
